------------------------------------------------------------------------------------------------------------------------

[2021-06-02 09:20:30 #1 server] 
Server on port 6136 has started by 6368@Pedro-520

[2021-06-02 09:21:19 #2 store] 
Database 'C:\Users\Pedro\Desktop\Estudio\M06\LIBRERIAS\objectdb-2.8.5\db\targetesgrafiques.odb' is opened by 6368@Pedro-520

[2021-06-02 09:21:19 #3 store] 
Configuration path: C:\Users\Pedro\Desktop\Estudio\M06\LIBRERIAS\objectdb-2.8.5\objectdb.conf

[2021-06-02 09:21:19 #4 server] 
[ObjectDB 2.8.5] Unexpected exception (Error 990)
  Generated by Java HotSpot(TM) 64-Bit Server VM 15.0.1 (on Windows 10 10.0).
Please report this error on http://www.objectdb.com/issue/new
com.objectdb.o.InternalException: Error reading UTF string
com.objectdb.o.InternalException: Error reading UTF string
	at com.objectdb.o.BYR.U(BYR.java:1217)
	at com.objectdb.o.BYR.U(BYR.java:523)
	at com.objectdb.o.BYR.L(BYR.java:504)
	at com.objectdb.o.QJD.a(QJD.java:247)
	at com.objectdb.o.QRD.f(QRD.java:384)
	at com.objectdb.o.QRQ.m(QRQ.java:372)
	at com.objectdb.o.STC.h(STC.java:462)
	at com.objectdb.o.SHN.I(SHN.java:491)
	at com.objectdb.o.SHN.w(SHN.java:157)
	at com.objectdb.o.HND.run(HND.java:134)
	at java.base/java.lang.Thread.run(Thread.java:832)

[2021-06-02 09:21:19 #5 store] 
Database 'C:\Users\Pedro\Desktop\Estudio\M06\LIBRERIAS\objectdb-2.8.5\db\targetesgrafiques.odb' is closed by 6368@Pedro-520

[2021-06-02 09:21:19 #6 store] 
Database 'C:\Users\Pedro\Desktop\Estudio\M06\LIBRERIAS\objectdb-2.8.5\db\targetesgrafiques.odb' is opened by 6368@Pedro-520

[2021-06-02 09:21:19 #7 store] 
Configuration path: C:\Users\Pedro\Desktop\Estudio\M06\LIBRERIAS\objectdb-2.8.5\objectdb.conf

[2021-06-02 09:21:19 #8 server] 
[ObjectDB 2.8.5] Unexpected exception (Error 990)
  Generated by Java HotSpot(TM) 64-Bit Server VM 15.0.1 (on Windows 10 10.0).
Please report this error on http://www.objectdb.com/issue/new
com.objectdb.o.InternalException: Error reading UTF string
com.objectdb.o.InternalException: Error reading UTF string
	at com.objectdb.o.BYR.U(BYR.java:1217)
	at com.objectdb.o.BYR.U(BYR.java:523)
	at com.objectdb.o.BYR.L(BYR.java:504)
	at com.objectdb.o.QJD.a(QJD.java:247)
	at com.objectdb.o.QRD.f(QRD.java:384)
	at com.objectdb.o.QRQ.m(QRQ.java:372)
	at com.objectdb.o.STC.h(STC.java:462)
	at com.objectdb.o.SHN.I(SHN.java:491)
	at com.objectdb.o.SHN.w(SHN.java:157)
	at com.objectdb.o.HND.run(HND.java:134)
	at java.base/java.lang.Thread.run(Thread.java:832)

[2021-06-02 09:21:19 #9 store] 
Database 'C:\Users\Pedro\Desktop\Estudio\M06\LIBRERIAS\objectdb-2.8.5\db\targetesgrafiques.odb' is closed by 6368@Pedro-520

[2021-06-02 09:21:19 #10 store] 
Database 'C:\Users\Pedro\Desktop\Estudio\M06\LIBRERIAS\objectdb-2.8.5\db\targetesgrafiques.odb' is opened by 6368@Pedro-520

[2021-06-02 09:21:19 #11 store] 
Configuration path: C:\Users\Pedro\Desktop\Estudio\M06\LIBRERIAS\objectdb-2.8.5\objectdb.conf

[2021-06-02 09:21:19 #12 server] 
[ObjectDB 2.8.5] Unexpected exception (Error 990)
  Generated by Java HotSpot(TM) 64-Bit Server VM 15.0.1 (on Windows 10 10.0).
Please report this error on http://www.objectdb.com/issue/new
com.objectdb.o.InternalException: Error reading UTF string
com.objectdb.o.InternalException: Error reading UTF string
	at com.objectdb.o.BYR.U(BYR.java:1217)
	at com.objectdb.o.BYR.U(BYR.java:523)
	at com.objectdb.o.BYR.L(BYR.java:504)
	at com.objectdb.o.QJD.a(QJD.java:247)
	at com.objectdb.o.QRD.f(QRD.java:384)
	at com.objectdb.o.QRQ.m(QRQ.java:372)
	at com.objectdb.o.STC.h(STC.java:462)
	at com.objectdb.o.SHN.I(SHN.java:491)
	at com.objectdb.o.SHN.w(SHN.java:157)
	at com.objectdb.o.HND.run(HND.java:134)
	at java.base/java.lang.Thread.run(Thread.java:832)

[2021-06-02 09:21:19 #13 store] 
Database 'C:\Users\Pedro\Desktop\Estudio\M06\LIBRERIAS\objectdb-2.8.5\db\targetesgrafiques.odb' is closed by 6368@Pedro-520

[2021-06-02 09:21:19 #14 store] 
Database 'C:\Users\Pedro\Desktop\Estudio\M06\LIBRERIAS\objectdb-2.8.5\db\targetesgrafiques.odb' is opened by 6368@Pedro-520

[2021-06-02 09:21:19 #15 store] 
Configuration path: C:\Users\Pedro\Desktop\Estudio\M06\LIBRERIAS\objectdb-2.8.5\objectdb.conf

[2021-06-02 09:21:19 #16 server] 
[ObjectDB 2.8.5] Unexpected exception (Error 990)
  Generated by Java HotSpot(TM) 64-Bit Server VM 15.0.1 (on Windows 10 10.0).
Please report this error on http://www.objectdb.com/issue/new
com.objectdb.o.InternalException: Error reading UTF string
com.objectdb.o.InternalException: Error reading UTF string
	at com.objectdb.o.BYR.U(BYR.java:1217)
	at com.objectdb.o.BYR.U(BYR.java:523)
	at com.objectdb.o.BYR.L(BYR.java:504)
	at com.objectdb.o.QJD.a(QJD.java:247)
	at com.objectdb.o.QRD.f(QRD.java:384)
	at com.objectdb.o.QRQ.m(QRQ.java:372)
	at com.objectdb.o.STC.h(STC.java:462)
	at com.objectdb.o.SHN.I(SHN.java:491)
	at com.objectdb.o.SHN.w(SHN.java:157)
	at com.objectdb.o.HND.run(HND.java:134)
	at java.base/java.lang.Thread.run(Thread.java:832)

[2021-06-02 09:21:19 #17 store] 
Database 'C:\Users\Pedro\Desktop\Estudio\M06\LIBRERIAS\objectdb-2.8.5\db\targetesgrafiques.odb' is closed by 6368@Pedro-520

[2021-06-02 09:21:19 #18 store] 
Database 'C:\Users\Pedro\Desktop\Estudio\M06\LIBRERIAS\objectdb-2.8.5\db\targetesgrafiques.odb' is opened by 6368@Pedro-520

[2021-06-02 09:21:19 #19 store] 
Configuration path: C:\Users\Pedro\Desktop\Estudio\M06\LIBRERIAS\objectdb-2.8.5\objectdb.conf

[2021-06-02 09:21:19 #20 server] 
[ObjectDB 2.8.5] Unexpected exception (Error 990)
  Generated by Java HotSpot(TM) 64-Bit Server VM 15.0.1 (on Windows 10 10.0).
Please report this error on http://www.objectdb.com/issue/new
com.objectdb.o.InternalException: Error reading UTF string
com.objectdb.o.InternalException: Error reading UTF string
	at com.objectdb.o.BYR.U(BYR.java:1217)
	at com.objectdb.o.BYR.U(BYR.java:523)
	at com.objectdb.o.BYR.L(BYR.java:504)
	at com.objectdb.o.QJD.a(QJD.java:247)
	at com.objectdb.o.QRD.f(QRD.java:384)
	at com.objectdb.o.QRQ.m(QRQ.java:372)
	at com.objectdb.o.STC.h(STC.java:462)
	at com.objectdb.o.SHN.I(SHN.java:491)
	at com.objectdb.o.SHN.w(SHN.java:157)
	at com.objectdb.o.HND.run(HND.java:134)
	at java.base/java.lang.Thread.run(Thread.java:832)

[2021-06-02 09:21:19 #21 store] 
Database 'C:\Users\Pedro\Desktop\Estudio\M06\LIBRERIAS\objectdb-2.8.5\db\targetesgrafiques.odb' is closed by 6368@Pedro-520

[2021-06-02 09:22:05 #22 store] 
Database 'C:\Users\Pedro\Desktop\Estudio\M06\LIBRERIAS\objectdb-2.8.5\db\targetesgrafiques.odb' is opened by 6368@Pedro-520

[2021-06-02 09:22:05 #23 store] 
Configuration path: C:\Users\Pedro\Desktop\Estudio\M06\LIBRERIAS\objectdb-2.8.5\objectdb.conf

[2021-06-02 09:22:05 #24 server] 
[ObjectDB 2.8.5] Unexpected exception (Error 990)
  Generated by Java HotSpot(TM) 64-Bit Server VM 15.0.1 (on Windows 10 10.0).
Please report this error on http://www.objectdb.com/issue/new
com.objectdb.o.InternalException: Error reading UTF string
com.objectdb.o.InternalException: Error reading UTF string
	at com.objectdb.o.BYR.U(BYR.java:1217)
	at com.objectdb.o.BYR.U(BYR.java:523)
	at com.objectdb.o.BYR.L(BYR.java:504)
	at com.objectdb.o.QJD.a(QJD.java:247)
	at com.objectdb.o.QRD.f(QRD.java:384)
	at com.objectdb.o.QRQ.m(QRQ.java:372)
	at com.objectdb.o.STC.h(STC.java:462)
	at com.objectdb.o.SHN.I(SHN.java:491)
	at com.objectdb.o.SHN.w(SHN.java:157)
	at com.objectdb.o.HND.run(HND.java:134)
	at java.base/java.lang.Thread.run(Thread.java:832)

[2021-06-02 09:22:05 #25 store] 
Database 'C:\Users\Pedro\Desktop\Estudio\M06\LIBRERIAS\objectdb-2.8.5\db\targetesgrafiques.odb' is closed by 6368@Pedro-520

[2021-06-02 09:22:05 #26 store] 
Database 'C:\Users\Pedro\Desktop\Estudio\M06\LIBRERIAS\objectdb-2.8.5\db\targetesgrafiques.odb' is opened by 6368@Pedro-520

[2021-06-02 09:22:05 #27 store] 
Configuration path: C:\Users\Pedro\Desktop\Estudio\M06\LIBRERIAS\objectdb-2.8.5\objectdb.conf

[2021-06-02 09:22:05 #28 server] 
[ObjectDB 2.8.5] Unexpected exception (Error 990)
  Generated by Java HotSpot(TM) 64-Bit Server VM 15.0.1 (on Windows 10 10.0).
Please report this error on http://www.objectdb.com/issue/new
com.objectdb.o.InternalException: Error reading UTF string
com.objectdb.o.InternalException: Error reading UTF string
	at com.objectdb.o.BYR.U(BYR.java:1217)
	at com.objectdb.o.BYR.U(BYR.java:523)
	at com.objectdb.o.BYR.L(BYR.java:504)
	at com.objectdb.o.QJD.a(QJD.java:247)
	at com.objectdb.o.QRD.f(QRD.java:384)
	at com.objectdb.o.QRQ.m(QRQ.java:372)
	at com.objectdb.o.STC.h(STC.java:462)
	at com.objectdb.o.SHN.I(SHN.java:491)
	at com.objectdb.o.SHN.w(SHN.java:157)
	at com.objectdb.o.HND.run(HND.java:134)
	at java.base/java.lang.Thread.run(Thread.java:832)

[2021-06-02 09:22:05 #29 store] 
Database 'C:\Users\Pedro\Desktop\Estudio\M06\LIBRERIAS\objectdb-2.8.5\db\targetesgrafiques.odb' is closed by 6368@Pedro-520

[2021-06-02 09:22:05 #30 store] 
Database 'C:\Users\Pedro\Desktop\Estudio\M06\LIBRERIAS\objectdb-2.8.5\db\targetesgrafiques.odb' is opened by 6368@Pedro-520

[2021-06-02 09:22:05 #31 store] 
Configuration path: C:\Users\Pedro\Desktop\Estudio\M06\LIBRERIAS\objectdb-2.8.5\objectdb.conf

[2021-06-02 09:22:05 #32 server] 
[ObjectDB 2.8.5] Unexpected exception (Error 990)
  Generated by Java HotSpot(TM) 64-Bit Server VM 15.0.1 (on Windows 10 10.0).
Please report this error on http://www.objectdb.com/issue/new
com.objectdb.o.InternalException: Error reading UTF string
com.objectdb.o.InternalException: Error reading UTF string
	at com.objectdb.o.BYR.U(BYR.java:1217)
	at com.objectdb.o.BYR.U(BYR.java:523)
	at com.objectdb.o.BYR.L(BYR.java:504)
	at com.objectdb.o.QJD.a(QJD.java:247)
	at com.objectdb.o.QRD.f(QRD.java:384)
	at com.objectdb.o.QRQ.m(QRQ.java:372)
	at com.objectdb.o.STC.h(STC.java:462)
	at com.objectdb.o.SHN.I(SHN.java:491)
	at com.objectdb.o.SHN.w(SHN.java:157)
	at com.objectdb.o.HND.run(HND.java:134)
	at java.base/java.lang.Thread.run(Thread.java:832)

[2021-06-02 09:22:05 #33 store] 
Database 'C:\Users\Pedro\Desktop\Estudio\M06\LIBRERIAS\objectdb-2.8.5\db\targetesgrafiques.odb' is closed by 6368@Pedro-520

[2021-06-02 09:22:05 #34 store] 
Database 'C:\Users\Pedro\Desktop\Estudio\M06\LIBRERIAS\objectdb-2.8.5\db\targetesgrafiques.odb' is opened by 6368@Pedro-520

[2021-06-02 09:22:05 #35 store] 
Configuration path: C:\Users\Pedro\Desktop\Estudio\M06\LIBRERIAS\objectdb-2.8.5\objectdb.conf

[2021-06-02 09:22:05 #36 server] 
[ObjectDB 2.8.5] Unexpected exception (Error 990)
  Generated by Java HotSpot(TM) 64-Bit Server VM 15.0.1 (on Windows 10 10.0).
Please report this error on http://www.objectdb.com/issue/new
com.objectdb.o.InternalException: Error reading UTF string
com.objectdb.o.InternalException: Error reading UTF string
	at com.objectdb.o.BYR.U(BYR.java:1217)
	at com.objectdb.o.BYR.U(BYR.java:523)
	at com.objectdb.o.BYR.L(BYR.java:504)
	at com.objectdb.o.QJD.a(QJD.java:247)
	at com.objectdb.o.QRD.f(QRD.java:384)
	at com.objectdb.o.QRQ.m(QRQ.java:372)
	at com.objectdb.o.STC.h(STC.java:462)
	at com.objectdb.o.SHN.I(SHN.java:491)
	at com.objectdb.o.SHN.w(SHN.java:157)
	at com.objectdb.o.HND.run(HND.java:134)
	at java.base/java.lang.Thread.run(Thread.java:832)

[2021-06-02 09:22:05 #37 store] 
Database 'C:\Users\Pedro\Desktop\Estudio\M06\LIBRERIAS\objectdb-2.8.5\db\targetesgrafiques.odb' is closed by 6368@Pedro-520

[2021-06-02 09:22:05 #38 store] 
Database 'C:\Users\Pedro\Desktop\Estudio\M06\LIBRERIAS\objectdb-2.8.5\db\targetesgrafiques.odb' is opened by 6368@Pedro-520

[2021-06-02 09:22:05 #39 store] 
Configuration path: C:\Users\Pedro\Desktop\Estudio\M06\LIBRERIAS\objectdb-2.8.5\objectdb.conf

[2021-06-02 09:22:06 #40 server] 
[ObjectDB 2.8.5] Unexpected exception (Error 990)
  Generated by Java HotSpot(TM) 64-Bit Server VM 15.0.1 (on Windows 10 10.0).
Please report this error on http://www.objectdb.com/issue/new
com.objectdb.o.InternalException: Error reading UTF string
com.objectdb.o.InternalException: Error reading UTF string
	at com.objectdb.o.BYR.U(BYR.java:1217)
	at com.objectdb.o.BYR.U(BYR.java:523)
	at com.objectdb.o.BYR.L(BYR.java:504)
	at com.objectdb.o.QJD.a(QJD.java:247)
	at com.objectdb.o.QRD.f(QRD.java:384)
	at com.objectdb.o.QRQ.m(QRQ.java:372)
	at com.objectdb.o.STC.h(STC.java:462)
	at com.objectdb.o.SHN.I(SHN.java:491)
	at com.objectdb.o.SHN.w(SHN.java:157)
	at com.objectdb.o.HND.run(HND.java:134)
	at java.base/java.lang.Thread.run(Thread.java:832)

[2021-06-02 09:22:06 #41 store] 
Database 'C:\Users\Pedro\Desktop\Estudio\M06\LIBRERIAS\objectdb-2.8.5\db\targetesgrafiques.odb' is closed by 6368@Pedro-520

------------------------------------------------------------------------------------------------------------------------

[2021-06-02 09:22:45 #1 store] 
Database 'C:\Users\Pedro\Desktop\JAVA_FP\M06_EAC2_E2_REPASO\targetesgrafiques.odb' is opened by 10276@Pedro-520

[2021-06-02 09:22:45 #2 store] 
Configuration path: C:\Users\Pedro\Desktop\Estudio\M06\LIBRERIAS\objectdb-2.8.5\objectdb.conf

[2021-06-02 09:22:45 #3 type] 
Type eac2.ex2.model.TargetaGrafica is not enhanced.

[2021-06-02 09:22:45 #4 store] 
Database 'C:\Users\Pedro\Desktop\JAVA_FP\M06_EAC2_E2_REPASO\targetesgrafiques.odb' is closed by 10276@Pedro-520

[2021-06-02 09:22:45 #5 store] 
Database 'C:\Users\Pedro\Desktop\JAVA_FP\M06_EAC2_E2_REPASO\targetesgrafiques.odb' is opened by 10276@Pedro-520

[2021-06-02 09:22:45 #6 store] 
Configuration path: C:\Users\Pedro\Desktop\Estudio\M06\LIBRERIAS\objectdb-2.8.5\objectdb.conf

[2021-06-02 09:22:45 #7 store] 
Database 'C:\Users\Pedro\Desktop\JAVA_FP\M06_EAC2_E2_REPASO\targetesgrafiques.odb' is closed by 10276@Pedro-520

[2021-06-02 09:22:45 #8 store] 
Database 'C:\Users\Pedro\Desktop\JAVA_FP\M06_EAC2_E2_REPASO\targetesgrafiques.odb' is opened by 10276@Pedro-520

[2021-06-02 09:22:45 #9 store] 
Configuration path: C:\Users\Pedro\Desktop\Estudio\M06\LIBRERIAS\objectdb-2.8.5\objectdb.conf

[2021-06-02 09:22:45 #10 store] 
Database 'C:\Users\Pedro\Desktop\JAVA_FP\M06_EAC2_E2_REPASO\targetesgrafiques.odb' is closed by 10276@Pedro-520

[2021-06-02 09:22:45 #11 store] 
Database 'C:\Users\Pedro\Desktop\JAVA_FP\M06_EAC2_E2_REPASO\targetesgrafiques.odb' is opened by 10276@Pedro-520

[2021-06-02 09:22:45 #12 store] 
Configuration path: C:\Users\Pedro\Desktop\Estudio\M06\LIBRERIAS\objectdb-2.8.5\objectdb.conf

[2021-06-02 09:22:45 #13 store] 
Database 'C:\Users\Pedro\Desktop\JAVA_FP\M06_EAC2_E2_REPASO\targetesgrafiques.odb' is closed by 10276@Pedro-520

[2021-06-02 09:22:45 #14 store] 
Database 'C:\Users\Pedro\Desktop\JAVA_FP\M06_EAC2_E2_REPASO\targetesgrafiques.odb' is opened by 10276@Pedro-520

[2021-06-02 09:22:45 #15 store] 
Configuration path: C:\Users\Pedro\Desktop\Estudio\M06\LIBRERIAS\objectdb-2.8.5\objectdb.conf

[2021-06-02 09:22:45 #16 store] 
Database 'C:\Users\Pedro\Desktop\JAVA_FP\M06_EAC2_E2_REPASO\targetesgrafiques.odb' is closed by 10276@Pedro-520

[2021-06-02 09:22:45 #17 store] 
Database 'C:\Users\Pedro\Desktop\JAVA_FP\M06_EAC2_E2_REPASO\targetesgrafiques.odb' is opened by 10276@Pedro-520

[2021-06-02 09:22:45 #18 store] 
Configuration path: C:\Users\Pedro\Desktop\Estudio\M06\LIBRERIAS\objectdb-2.8.5\objectdb.conf

[2021-06-02 09:22:45 #19 store] 
Database 'C:\Users\Pedro\Desktop\JAVA_FP\M06_EAC2_E2_REPASO\targetesgrafiques.odb' is closed by 10276@Pedro-520

[2021-06-02 09:22:45 #20 store] 
Database 'C:\Users\Pedro\Desktop\JAVA_FP\M06_EAC2_E2_REPASO\targetesgrafiques.odb' is opened by 10276@Pedro-520

[2021-06-02 09:22:45 #21 store] 
Configuration path: C:\Users\Pedro\Desktop\Estudio\M06\LIBRERIAS\objectdb-2.8.5\objectdb.conf

[2021-06-02 09:22:45 #22 store] 
Database 'C:\Users\Pedro\Desktop\JAVA_FP\M06_EAC2_E2_REPASO\targetesgrafiques.odb' is closed by 10276@Pedro-520

[2021-06-02 09:22:45 #23 store] 
Database 'C:\Users\Pedro\Desktop\JAVA_FP\M06_EAC2_E2_REPASO\targetesgrafiques.odb' is opened by 10276@Pedro-520

[2021-06-02 09:22:45 #24 store] 
Configuration path: C:\Users\Pedro\Desktop\Estudio\M06\LIBRERIAS\objectdb-2.8.5\objectdb.conf

[2021-06-02 09:22:45 #25 store] 
Database 'C:\Users\Pedro\Desktop\JAVA_FP\M06_EAC2_E2_REPASO\targetesgrafiques.odb' is closed by 10276@Pedro-520

[2021-06-02 09:22:45 #26 store] 
Database 'C:\Users\Pedro\Desktop\JAVA_FP\M06_EAC2_E2_REPASO\targetesgrafiques.odb' is opened by 10276@Pedro-520

[2021-06-02 09:22:45 #27 store] 
Configuration path: C:\Users\Pedro\Desktop\Estudio\M06\LIBRERIAS\objectdb-2.8.5\objectdb.conf

[2021-06-02 09:22:45 #28 store] 
Database 'C:\Users\Pedro\Desktop\JAVA_FP\M06_EAC2_E2_REPASO\targetesgrafiques.odb' is closed by 10276@Pedro-520

------------------------------------------------------------------------------------------------------------------------

[2021-06-02 09:23:30 #1 store] 
Database 'C:\Users\Pedro\Desktop\JAVA_FP\M06_EAC2_E2_REPASO\targetesgrafiques.odb' is opened by 11996@Pedro-520

[2021-06-02 09:23:30 #2 store] 
Configuration path: C:\Users\Pedro\Desktop\Estudio\M06\LIBRERIAS\objectdb-2.8.5\objectdb.conf

[2021-06-02 09:23:30 #3 type] 
Type eac2.ex2.model.TargetaGrafica is not enhanced.

[2021-06-02 09:23:30 #4 store] 
Database 'C:\Users\Pedro\Desktop\JAVA_FP\M06_EAC2_E2_REPASO\targetesgrafiques.odb' is closed by 11996@Pedro-520

[2021-06-02 09:23:30 #5 store] 
Database 'C:\Users\Pedro\Desktop\JAVA_FP\M06_EAC2_E2_REPASO\targetesgrafiques.odb' is opened by 11996@Pedro-520

[2021-06-02 09:23:30 #6 store] 
Configuration path: C:\Users\Pedro\Desktop\Estudio\M06\LIBRERIAS\objectdb-2.8.5\objectdb.conf

[2021-06-02 09:23:30 #7 store] 
Database 'C:\Users\Pedro\Desktop\JAVA_FP\M06_EAC2_E2_REPASO\targetesgrafiques.odb' is closed by 11996@Pedro-520

[2021-06-02 09:23:30 #8 store] 
Database 'C:\Users\Pedro\Desktop\JAVA_FP\M06_EAC2_E2_REPASO\targetesgrafiques.odb' is opened by 11996@Pedro-520

[2021-06-02 09:23:30 #9 store] 
Configuration path: C:\Users\Pedro\Desktop\Estudio\M06\LIBRERIAS\objectdb-2.8.5\objectdb.conf

[2021-06-02 09:23:30 #10 store] 
Database 'C:\Users\Pedro\Desktop\JAVA_FP\M06_EAC2_E2_REPASO\targetesgrafiques.odb' is closed by 11996@Pedro-520

[2021-06-02 09:23:30 #11 store] 
Database 'C:\Users\Pedro\Desktop\JAVA_FP\M06_EAC2_E2_REPASO\targetesgrafiques.odb' is opened by 11996@Pedro-520

[2021-06-02 09:23:30 #12 store] 
Configuration path: C:\Users\Pedro\Desktop\Estudio\M06\LIBRERIAS\objectdb-2.8.5\objectdb.conf

[2021-06-02 09:23:30 #13 store] 
Database 'C:\Users\Pedro\Desktop\JAVA_FP\M06_EAC2_E2_REPASO\targetesgrafiques.odb' is closed by 11996@Pedro-520

[2021-06-02 09:23:30 #14 store] 
Database 'C:\Users\Pedro\Desktop\JAVA_FP\M06_EAC2_E2_REPASO\targetesgrafiques.odb' is opened by 11996@Pedro-520

[2021-06-02 09:23:30 #15 store] 
Configuration path: C:\Users\Pedro\Desktop\Estudio\M06\LIBRERIAS\objectdb-2.8.5\objectdb.conf

[2021-06-02 09:23:30 #16 store] 
Database 'C:\Users\Pedro\Desktop\JAVA_FP\M06_EAC2_E2_REPASO\targetesgrafiques.odb' is closed by 11996@Pedro-520

[2021-06-02 09:23:30 #17 store] 
Database 'C:\Users\Pedro\Desktop\JAVA_FP\M06_EAC2_E2_REPASO\targetesgrafiques.odb' is opened by 11996@Pedro-520

[2021-06-02 09:23:30 #18 store] 
Configuration path: C:\Users\Pedro\Desktop\Estudio\M06\LIBRERIAS\objectdb-2.8.5\objectdb.conf

[2021-06-02 09:23:30 #19 store] 
Database 'C:\Users\Pedro\Desktop\JAVA_FP\M06_EAC2_E2_REPASO\targetesgrafiques.odb' is closed by 11996@Pedro-520

[2021-06-02 09:23:30 #20 store] 
Database 'C:\Users\Pedro\Desktop\JAVA_FP\M06_EAC2_E2_REPASO\targetesgrafiques.odb' is opened by 11996@Pedro-520

[2021-06-02 09:23:30 #21 store] 
Configuration path: C:\Users\Pedro\Desktop\Estudio\M06\LIBRERIAS\objectdb-2.8.5\objectdb.conf

[2021-06-02 09:23:30 #22 store] 
Database 'C:\Users\Pedro\Desktop\JAVA_FP\M06_EAC2_E2_REPASO\targetesgrafiques.odb' is closed by 11996@Pedro-520

[2021-06-02 09:23:30 #23 store] 
Database 'C:\Users\Pedro\Desktop\JAVA_FP\M06_EAC2_E2_REPASO\targetesgrafiques.odb' is opened by 11996@Pedro-520

[2021-06-02 09:23:30 #24 store] 
Configuration path: C:\Users\Pedro\Desktop\Estudio\M06\LIBRERIAS\objectdb-2.8.5\objectdb.conf

[2021-06-02 09:23:30 #25 store] 
Database 'C:\Users\Pedro\Desktop\JAVA_FP\M06_EAC2_E2_REPASO\targetesgrafiques.odb' is closed by 11996@Pedro-520

[2021-06-02 09:23:30 #26 store] 
Database 'C:\Users\Pedro\Desktop\JAVA_FP\M06_EAC2_E2_REPASO\targetesgrafiques.odb' is opened by 11996@Pedro-520

[2021-06-02 09:23:30 #27 store] 
Configuration path: C:\Users\Pedro\Desktop\Estudio\M06\LIBRERIAS\objectdb-2.8.5\objectdb.conf

[2021-06-02 09:23:30 #28 store] 
Database 'C:\Users\Pedro\Desktop\JAVA_FP\M06_EAC2_E2_REPASO\targetesgrafiques.odb' is closed by 11996@Pedro-520

[2021-06-02 09:25:18 #42 server] 
Server on port 6136 has stopped by 6368@Pedro-520

