------------------------------------------------------------------------------------------------------------------------

[2021-05-10 18:36:34 #1 explorer] 
com.objectdb.o.UserException: Failed to deserialize (com.objectdb.o.EXN; local class incompatible: stream classdesc serialVersionUID = 7971745043210780680, local class serialVersionUID = -4824038949785555281)
	at com.objectdb.o.MSG.a(MSG.java:77)
	at com.objectdb.o.BYR.i(BYR.java:811)
	at com.objectdb.o.BYR.i(BYR.java:750)
	at com.objectdb.o.CST.Zw(CST.java:963)
	at com.objectdb.o.DTP.g(DTP.java:121)
	at com.objectdb.o.MainFrame.f(MainFrame.java:235)
	at com.objectdb.o.MainFrame.f(MainFrame.java:233)
	at com.objectdb.o.MainFrame.f(MainFrame.java:233)
	at com.objectdb.o.MainFrame.f(MainFrame.java:233)
	at com.objectdb.o.MainFrame.f(MainFrame.java:233)
	at com.objectdb.o.MainFrame.e(MainFrame.java:218)
	at com.objectdb.o.EXA.k(EXA.java:196)
	at com.objectdb.o.EXA.j(EXA.java:188)
	at com.objectdb.o.CNC.s(CNC.java:120)
	at com.objectdb.o.EXA.<init>(EXA.java:87)
	at com.objectdb.Explorer$1.run(Explorer.java:57)
	at java.awt.event.InvocationEvent.dispatch(InvocationEvent.java:311)
	at java.awt.EventQueue.dispatchEventImpl(EventQueue.java:758)
	at java.awt.EventQueue.access$500(EventQueue.java:97)
	at java.awt.EventQueue$3.run(EventQueue.java:709)
	at java.awt.EventQueue$3.run(EventQueue.java:703)
	at java.security.AccessController.doPrivileged(Native Method)
	at java.security.ProtectionDomain$JavaSecurityAccessImpl.doIntersectionPrivilege(ProtectionDomain.java:74)
	at java.awt.EventQueue.dispatchEvent(EventQueue.java:728)
	at java.awt.EventDispatchThread.pumpOneEventForFilters(EventDispatchThread.java:205)
	at java.awt.EventDispatchThread.pumpEventsForFilter(EventDispatchThread.java:116)
	at java.awt.EventDispatchThread.pumpEventsForHierarchy(EventDispatchThread.java:105)
	at java.awt.EventDispatchThread.pumpEvents(EventDispatchThread.java:101)
	at java.awt.EventDispatchThread.pumpEvents(EventDispatchThread.java:93)
	at java.awt.EventDispatchThread.run(EventDispatchThread.java:82)
Caused by: java.io.InvalidClassException: com.objectdb.o.EXN; local class incompatible: stream classdesc serialVersionUID = 7971745043210780680, local class serialVersionUID = -4824038949785555281
	at java.io.ObjectStreamClass.initNonProxy(ObjectStreamClass.java:699)
	at java.io.ObjectInputStream.readNonProxyDesc(ObjectInputStream.java:1885)
	at java.io.ObjectInputStream.readClassDesc(ObjectInputStream.java:1751)
	at java.io.ObjectInputStream.readOrdinaryObject(ObjectInputStream.java:2042)
	at java.io.ObjectInputStream.readObject0(ObjectInputStream.java:1573)
	at java.io.ObjectInputStream.readObject(ObjectInputStream.java:431)
	at com.objectdb.o.BYR.i(BYR.java:785)
	... 28 more

------------------------------------------------------------------------------------------------------------------------

[2021-05-10 18:37:07 #1 explorer] 
com.objectdb.o.UserException: Failed to deserialize (com.objectdb.o.EXN; local class incompatible: stream classdesc serialVersionUID = 7971745043210780680, local class serialVersionUID = -4824038949785555281)
	at com.objectdb.o.MSG.a(MSG.java:77)
	at com.objectdb.o.BYR.i(BYR.java:811)
	at com.objectdb.o.BYR.i(BYR.java:750)
	at com.objectdb.o.CST.Zw(CST.java:963)
	at com.objectdb.o.DTP.g(DTP.java:121)
	at com.objectdb.o.MainFrame.f(MainFrame.java:235)
	at com.objectdb.o.MainFrame.f(MainFrame.java:233)
	at com.objectdb.o.MainFrame.f(MainFrame.java:233)
	at com.objectdb.o.MainFrame.f(MainFrame.java:233)
	at com.objectdb.o.MainFrame.f(MainFrame.java:233)
	at com.objectdb.o.MainFrame.e(MainFrame.java:218)
	at com.objectdb.o.EXA.k(EXA.java:196)
	at com.objectdb.o.EXA.j(EXA.java:188)
	at com.objectdb.o.CNC.s(CNC.java:120)
	at com.objectdb.o.EXA.<init>(EXA.java:87)
	at com.objectdb.Explorer$1.run(Explorer.java:57)
	at java.desktop/java.awt.event.InvocationEvent.dispatch(InvocationEvent.java:316)
	at java.desktop/java.awt.EventQueue.dispatchEventImpl(EventQueue.java:770)
	at java.desktop/java.awt.EventQueue$4.run(EventQueue.java:721)
	at java.desktop/java.awt.EventQueue$4.run(EventQueue.java:715)
	at java.base/java.security.AccessController.doPrivileged(AccessController.java:391)
	at java.base/java.security.ProtectionDomain$JavaSecurityAccessImpl.doIntersectionPrivilege(ProtectionDomain.java:85)
	at java.desktop/java.awt.EventQueue.dispatchEvent(EventQueue.java:740)
	at java.desktop/java.awt.EventDispatchThread.pumpOneEventForFilters(EventDispatchThread.java:203)
	at java.desktop/java.awt.EventDispatchThread.pumpEventsForFilter(EventDispatchThread.java:124)
	at java.desktop/java.awt.EventDispatchThread.pumpEventsForHierarchy(EventDispatchThread.java:113)
	at java.desktop/java.awt.EventDispatchThread.pumpEvents(EventDispatchThread.java:109)
	at java.desktop/java.awt.EventDispatchThread.pumpEvents(EventDispatchThread.java:101)
	at java.desktop/java.awt.EventDispatchThread.run(EventDispatchThread.java:90)
Caused by: java.io.InvalidClassException: com.objectdb.o.EXN; local class incompatible: stream classdesc serialVersionUID = 7971745043210780680, local class serialVersionUID = -4824038949785555281
	at java.base/java.io.ObjectStreamClass.initNonProxy(ObjectStreamClass.java:724)
	at java.base/java.io.ObjectInputStream.readNonProxyDesc(ObjectInputStream.java:2045)
	at java.base/java.io.ObjectInputStream.readClassDesc(ObjectInputStream.java:1895)
	at java.base/java.io.ObjectInputStream.readOrdinaryObject(ObjectInputStream.java:2202)
	at java.base/java.io.ObjectInputStream.readObject0(ObjectInputStream.java:1712)
	at java.base/java.io.ObjectInputStream.readObject(ObjectInputStream.java:519)
	at java.base/java.io.ObjectInputStream.readObject(ObjectInputStream.java:477)
	at com.objectdb.o.BYR.i(BYR.java:785)
	... 27 more

[2021-05-10 18:38:41 #2 explorer] 
[ObjectDB 2.8.5] javax.persistence.PersistenceException
Attempt to open a database file 'C:\Users\Pedro\Desktop\JAVA_FP\M06_EAC2_E2\db\targetesgrafiques.odb' that is currently in use by another process (error 141)
	at java.desktop/javax.swing.Timer.fireActionPerformed(Timer.java:310)
	at java.desktop/javax.swing.Timer$DoPostEvent.run(Timer.java:242)
	at java.desktop/java.awt.event.InvocationEvent.dispatch(InvocationEvent.java:316)
	at java.desktop/java.awt.EventQueue.dispatchEventImpl(EventQueue.java:770)
	at java.desktop/java.awt.EventQueue$4.run(EventQueue.java:721)
	at java.desktop/java.awt.EventQueue$4.run(EventQueue.java:715)
	at java.base/java.security.AccessController.doPrivileged(AccessController.java:391)
	at java.base/java.security.ProtectionDomain$JavaSecurityAccessImpl.doIntersectionPrivilege(ProtectionDomain.java:85)
	at java.desktop/java.awt.EventQueue.dispatchEvent(EventQueue.java:740)
	at java.desktop/java.awt.EventDispatchThread.pumpOneEventForFilters(EventDispatchThread.java:203)
	at java.desktop/java.awt.EventDispatchThread.pumpEventsForFilter(EventDispatchThread.java:124)
	at java.desktop/java.awt.EventDispatchThread.pumpEventsForHierarchy(EventDispatchThread.java:113)
	at java.desktop/java.awt.EventDispatchThread.pumpEvents(EventDispatchThread.java:109)
	at java.desktop/java.awt.EventDispatchThread.pumpEvents(EventDispatchThread.java:101)
	at java.desktop/java.awt.EventDispatchThread.run(EventDispatchThread.java:90)
Caused by: com.objectdb.o.UserException: Attempt to open a database file 'C:\Users\Pedro\Desktop\JAVA_FP\M06_EAC2_E2\db\targetesgrafiques.odb' that is currently in use by another process
	at com.objectdb.o.MSG.a(MSG.java:64)
	at com.objectdb.o.LFL.J(LFL.java:930)
	at com.objectdb.o.LFL.x(LFL.java:887)
	at com.objectdb.o.LFL.x(LFL.java:797)
	at com.objectdb.o.DFL.<init>(DFL.java:241)
	at com.objectdb.o.DMG.<init>(DMG.java:27)
	at com.objectdb.o.MST.<init>(MST.java:127)
	at com.objectdb.o.MST.ap(MST.java:109)
	at com.objectdb.o.MSF.Z0(MSF.java:190)
	at com.objectdb.o.OMF.s(OMF.java:804)
	at com.objectdb.jpa.EMF.s(EMF.java:130)
	at com.objectdb.o.OMF.x(OMF.java:715)
	at com.objectdb.jpa.EMF.createEntityManager(EMF.java:149)
	... 17 more

[2021-05-10 18:39:02 #3 store] 
Database 'C:\Users\Pedro\Desktop\JAVA_FP\M06_EAC2_E2\db\targetesgrafiques.odb' is opened by 5428@Pedro-520

[2021-05-10 18:39:02 #4 store] 
Configuration path: C:\Users\Pedro\Downloads\objectdb-2.8.5\objectdb.conf

