------------------------------------------------------------------------------------------------------------------------

[2021-05-28 18:16:19 #1 server] 
Server on port 6136 has started by 13116@Pedro-520

------------------------------------------------------------------------------------------------------------------------

[2021-05-28 18:20:19 #1 store] 
Database 'C:\Users\Pedro\Desktop\JAVA_FP\M06_EAC2_E2_REPASO\targetesgrafiques.odb' is opened by 6760@Pedro-520

[2021-05-28 18:20:19 #2 store] 
Configuration path: C:\Users\Pedro\Desktop\Estudio\M06\LIBRERIAS\objectdb-2.8.5\objectdb.conf

[2021-05-28 18:20:19 #3 type] 
Type eac2.ex2.model.TargetaGrafica is not enhanced.

[2021-05-28 18:20:19 #4 store] 
Database 'C:\Users\Pedro\Desktop\JAVA_FP\M06_EAC2_E2_REPASO\targetesgrafiques.odb' is closed by 6760@Pedro-520

[2021-05-28 18:20:19 #5 store] 
Database 'C:\Users\Pedro\Desktop\JAVA_FP\M06_EAC2_E2_REPASO\targetesgrafiques.odb' is opened by 6760@Pedro-520

[2021-05-28 18:20:19 #6 store] 
Configuration path: C:\Users\Pedro\Desktop\Estudio\M06\LIBRERIAS\objectdb-2.8.5\objectdb.conf

[2021-05-28 18:20:19 #7 store] 
Database 'C:\Users\Pedro\Desktop\JAVA_FP\M06_EAC2_E2_REPASO\targetesgrafiques.odb' is closed by 6760@Pedro-520

[2021-05-28 18:20:19 #8 store] 
Database 'C:\Users\Pedro\Desktop\JAVA_FP\M06_EAC2_E2_REPASO\targetesgrafiques.odb' is opened by 6760@Pedro-520

[2021-05-28 18:20:19 #9 store] 
Configuration path: C:\Users\Pedro\Desktop\Estudio\M06\LIBRERIAS\objectdb-2.8.5\objectdb.conf

[2021-05-28 18:20:19 #10 store] 
Database 'C:\Users\Pedro\Desktop\JAVA_FP\M06_EAC2_E2_REPASO\targetesgrafiques.odb' is closed by 6760@Pedro-520

[2021-05-28 18:20:19 #11 store] 
Database 'C:\Users\Pedro\Desktop\JAVA_FP\M06_EAC2_E2_REPASO\targetesgrafiques.odb' is opened by 6760@Pedro-520

[2021-05-28 18:20:19 #12 store] 
Configuration path: C:\Users\Pedro\Desktop\Estudio\M06\LIBRERIAS\objectdb-2.8.5\objectdb.conf

[2021-05-28 18:20:19 #13 store] 
Database 'C:\Users\Pedro\Desktop\JAVA_FP\M06_EAC2_E2_REPASO\targetesgrafiques.odb' is closed by 6760@Pedro-520

[2021-05-28 18:20:19 #14 store] 
Database 'C:\Users\Pedro\Desktop\JAVA_FP\M06_EAC2_E2_REPASO\targetesgrafiques.odb' is opened by 6760@Pedro-520

[2021-05-28 18:20:19 #15 store] 
Configuration path: C:\Users\Pedro\Desktop\Estudio\M06\LIBRERIAS\objectdb-2.8.5\objectdb.conf

[2021-05-28 18:20:19 #16 store] 
Database 'C:\Users\Pedro\Desktop\JAVA_FP\M06_EAC2_E2_REPASO\targetesgrafiques.odb' is closed by 6760@Pedro-520

[2021-05-28 18:20:19 #17 store] 
Database 'C:\Users\Pedro\Desktop\JAVA_FP\M06_EAC2_E2_REPASO\targetesgrafiques.odb' is opened by 6760@Pedro-520

[2021-05-28 18:20:19 #18 store] 
Configuration path: C:\Users\Pedro\Desktop\Estudio\M06\LIBRERIAS\objectdb-2.8.5\objectdb.conf

[2021-05-28 18:20:19 #19 store] 
Database 'C:\Users\Pedro\Desktop\JAVA_FP\M06_EAC2_E2_REPASO\targetesgrafiques.odb' is closed by 6760@Pedro-520

[2021-05-28 18:20:19 #20 store] 
Database 'C:\Users\Pedro\Desktop\JAVA_FP\M06_EAC2_E2_REPASO\targetesgrafiques.odb' is opened by 6760@Pedro-520

[2021-05-28 18:20:19 #21 store] 
Configuration path: C:\Users\Pedro\Desktop\Estudio\M06\LIBRERIAS\objectdb-2.8.5\objectdb.conf

[2021-05-28 18:20:19 #22 store] 
Database 'C:\Users\Pedro\Desktop\JAVA_FP\M06_EAC2_E2_REPASO\targetesgrafiques.odb' is closed by 6760@Pedro-520

[2021-05-28 18:20:19 #23 store] 
Database 'C:\Users\Pedro\Desktop\JAVA_FP\M06_EAC2_E2_REPASO\targetesgrafiques.odb' is opened by 6760@Pedro-520

[2021-05-28 18:20:19 #24 store] 
Configuration path: C:\Users\Pedro\Desktop\Estudio\M06\LIBRERIAS\objectdb-2.8.5\objectdb.conf

[2021-05-28 18:20:19 #25 store] 
Database 'C:\Users\Pedro\Desktop\JAVA_FP\M06_EAC2_E2_REPASO\targetesgrafiques.odb' is closed by 6760@Pedro-520

[2021-05-28 18:20:19 #26 store] 
Database 'C:\Users\Pedro\Desktop\JAVA_FP\M06_EAC2_E2_REPASO\targetesgrafiques.odb' is opened by 6760@Pedro-520

[2021-05-28 18:20:19 #27 store] 
Configuration path: C:\Users\Pedro\Desktop\Estudio\M06\LIBRERIAS\objectdb-2.8.5\objectdb.conf

[2021-05-28 18:20:19 #28 store] 
Database 'C:\Users\Pedro\Desktop\JAVA_FP\M06_EAC2_E2_REPASO\targetesgrafiques.odb' is closed by 6760@Pedro-520

[2021-05-28 18:24:19 #2 server] 
Server on port 6136 has stopped by 13116@Pedro-520

