------------------------------------------------------------------------------------------------------------------------

[2021-05-30 12:33:29 #1 server] 
Server on port 6136 has started by 14256@Pedro-520

[2021-05-30 12:50:55 #2 store] 
Database 'C:\Users\Pedro\Desktop\Estudio\M06\LIBRERIAS\objectdb-2.8.5\db\targetesgrafiques.odb' is opened by 14256@Pedro-520

[2021-05-30 12:50:55 #3 store] 
Configuration path: C:\Users\Pedro\Desktop\Estudio\M06\LIBRERIAS\objectdb-2.8.5\objectdb.conf

[2021-05-30 12:50:55 #4 server] 
[ObjectDB 2.8.5] Unexpected exception (Error 990)
  Generated by Java HotSpot(TM) 64-Bit Server VM 15.0.1 (on Windows 10 10.0).
Please report this error on http://www.objectdb.com/issue/new
com.objectdb.o.InternalException: Error reading UTF string
com.objectdb.o.InternalException: Error reading UTF string
	at com.objectdb.o.BYR.U(BYR.java:1217)
	at com.objectdb.o.BYR.U(BYR.java:523)
	at com.objectdb.o.BYR.L(BYR.java:504)
	at com.objectdb.o.QJD.a(QJD.java:247)
	at com.objectdb.o.QRD.f(QRD.java:384)
	at com.objectdb.o.QRQ.m(QRQ.java:372)
	at com.objectdb.o.STC.h(STC.java:462)
	at com.objectdb.o.SHN.I(SHN.java:491)
	at com.objectdb.o.SHN.w(SHN.java:157)
	at com.objectdb.o.HND.run(HND.java:134)
	at java.base/java.lang.Thread.run(Thread.java:832)

[2021-05-30 12:50:55 #5 store] 
Database 'C:\Users\Pedro\Desktop\Estudio\M06\LIBRERIAS\objectdb-2.8.5\db\targetesgrafiques.odb' is closed by 14256@Pedro-520

[2021-05-30 12:50:55 #6 store] 
Database 'C:\Users\Pedro\Desktop\Estudio\M06\LIBRERIAS\objectdb-2.8.5\db\targetesgrafiques.odb' is opened by 14256@Pedro-520

[2021-05-30 12:50:55 #7 store] 
Configuration path: C:\Users\Pedro\Desktop\Estudio\M06\LIBRERIAS\objectdb-2.8.5\objectdb.conf

[2021-05-30 12:50:55 #8 server] 
[ObjectDB 2.8.5] Unexpected exception (Error 990)
  Generated by Java HotSpot(TM) 64-Bit Server VM 15.0.1 (on Windows 10 10.0).
Please report this error on http://www.objectdb.com/issue/new
com.objectdb.o.InternalException: Error reading UTF string
com.objectdb.o.InternalException: Error reading UTF string
	at com.objectdb.o.BYR.U(BYR.java:1217)
	at com.objectdb.o.BYR.U(BYR.java:523)
	at com.objectdb.o.BYR.L(BYR.java:504)
	at com.objectdb.o.QJD.a(QJD.java:247)
	at com.objectdb.o.QRD.f(QRD.java:384)
	at com.objectdb.o.QRQ.m(QRQ.java:372)
	at com.objectdb.o.STC.h(STC.java:462)
	at com.objectdb.o.SHN.I(SHN.java:491)
	at com.objectdb.o.SHN.w(SHN.java:157)
	at com.objectdb.o.HND.run(HND.java:134)
	at java.base/java.lang.Thread.run(Thread.java:832)

[2021-05-30 12:50:55 #9 store] 
Database 'C:\Users\Pedro\Desktop\Estudio\M06\LIBRERIAS\objectdb-2.8.5\db\targetesgrafiques.odb' is closed by 14256@Pedro-520

[2021-05-30 12:50:55 #10 store] 
Database 'C:\Users\Pedro\Desktop\Estudio\M06\LIBRERIAS\objectdb-2.8.5\db\targetesgrafiques.odb' is opened by 14256@Pedro-520

[2021-05-30 12:50:55 #11 store] 
Configuration path: C:\Users\Pedro\Desktop\Estudio\M06\LIBRERIAS\objectdb-2.8.5\objectdb.conf

[2021-05-30 12:50:55 #12 server] 
[ObjectDB 2.8.5] Unexpected exception (Error 990)
  Generated by Java HotSpot(TM) 64-Bit Server VM 15.0.1 (on Windows 10 10.0).
Please report this error on http://www.objectdb.com/issue/new
com.objectdb.o.InternalException: Error reading UTF string
com.objectdb.o.InternalException: Error reading UTF string
	at com.objectdb.o.BYR.U(BYR.java:1217)
	at com.objectdb.o.BYR.U(BYR.java:523)
	at com.objectdb.o.BYR.L(BYR.java:504)
	at com.objectdb.o.QJD.a(QJD.java:247)
	at com.objectdb.o.QRD.f(QRD.java:384)
	at com.objectdb.o.QRQ.m(QRQ.java:372)
	at com.objectdb.o.STC.h(STC.java:462)
	at com.objectdb.o.SHN.I(SHN.java:491)
	at com.objectdb.o.SHN.w(SHN.java:157)
	at com.objectdb.o.HND.run(HND.java:134)
	at java.base/java.lang.Thread.run(Thread.java:832)

[2021-05-30 12:50:55 #13 store] 
Database 'C:\Users\Pedro\Desktop\Estudio\M06\LIBRERIAS\objectdb-2.8.5\db\targetesgrafiques.odb' is closed by 14256@Pedro-520

[2021-05-30 12:50:55 #14 store] 
Database 'C:\Users\Pedro\Desktop\Estudio\M06\LIBRERIAS\objectdb-2.8.5\db\targetesgrafiques.odb' is opened by 14256@Pedro-520

[2021-05-30 12:50:55 #15 store] 
Configuration path: C:\Users\Pedro\Desktop\Estudio\M06\LIBRERIAS\objectdb-2.8.5\objectdb.conf

[2021-05-30 12:50:55 #16 server] 
[ObjectDB 2.8.5] Unexpected exception (Error 990)
  Generated by Java HotSpot(TM) 64-Bit Server VM 15.0.1 (on Windows 10 10.0).
Please report this error on http://www.objectdb.com/issue/new
com.objectdb.o.InternalException: Error reading UTF string
com.objectdb.o.InternalException: Error reading UTF string
	at com.objectdb.o.BYR.U(BYR.java:1217)
	at com.objectdb.o.BYR.U(BYR.java:523)
	at com.objectdb.o.BYR.L(BYR.java:504)
	at com.objectdb.o.QJD.a(QJD.java:247)
	at com.objectdb.o.QRD.f(QRD.java:384)
	at com.objectdb.o.QRQ.m(QRQ.java:372)
	at com.objectdb.o.STC.h(STC.java:462)
	at com.objectdb.o.SHN.I(SHN.java:491)
	at com.objectdb.o.SHN.w(SHN.java:157)
	at com.objectdb.o.HND.run(HND.java:134)
	at java.base/java.lang.Thread.run(Thread.java:832)

[2021-05-30 12:50:55 #17 store] 
Database 'C:\Users\Pedro\Desktop\Estudio\M06\LIBRERIAS\objectdb-2.8.5\db\targetesgrafiques.odb' is closed by 14256@Pedro-520

[2021-05-30 12:50:55 #18 store] 
Database 'C:\Users\Pedro\Desktop\Estudio\M06\LIBRERIAS\objectdb-2.8.5\db\targetesgrafiques.odb' is opened by 14256@Pedro-520

[2021-05-30 12:50:55 #19 store] 
Configuration path: C:\Users\Pedro\Desktop\Estudio\M06\LIBRERIAS\objectdb-2.8.5\objectdb.conf

[2021-05-30 12:50:55 #20 server] 
[ObjectDB 2.8.5] Unexpected exception (Error 990)
  Generated by Java HotSpot(TM) 64-Bit Server VM 15.0.1 (on Windows 10 10.0).
Please report this error on http://www.objectdb.com/issue/new
com.objectdb.o.InternalException: Error reading UTF string
com.objectdb.o.InternalException: Error reading UTF string
	at com.objectdb.o.BYR.U(BYR.java:1217)
	at com.objectdb.o.BYR.U(BYR.java:523)
	at com.objectdb.o.BYR.L(BYR.java:504)
	at com.objectdb.o.QJD.a(QJD.java:247)
	at com.objectdb.o.QRD.f(QRD.java:384)
	at com.objectdb.o.QRQ.m(QRQ.java:372)
	at com.objectdb.o.STC.h(STC.java:462)
	at com.objectdb.o.SHN.I(SHN.java:491)
	at com.objectdb.o.SHN.w(SHN.java:157)
	at com.objectdb.o.HND.run(HND.java:134)
	at java.base/java.lang.Thread.run(Thread.java:832)

[2021-05-30 12:50:55 #21 store] 
Database 'C:\Users\Pedro\Desktop\Estudio\M06\LIBRERIAS\objectdb-2.8.5\db\targetesgrafiques.odb' is closed by 14256@Pedro-520

[2021-05-30 12:51:02 #22 store] 
Database 'C:\Users\Pedro\Desktop\Estudio\M06\LIBRERIAS\objectdb-2.8.5\db\targetesgrafiques.odb' is opened by 14256@Pedro-520

[2021-05-30 12:51:02 #23 store] 
Configuration path: C:\Users\Pedro\Desktop\Estudio\M06\LIBRERIAS\objectdb-2.8.5\objectdb.conf

[2021-05-30 12:51:02 #24 server] 
[ObjectDB 2.8.5] Unexpected exception (Error 990)
  Generated by Java HotSpot(TM) 64-Bit Server VM 15.0.1 (on Windows 10 10.0).
Please report this error on http://www.objectdb.com/issue/new
com.objectdb.o.InternalException: Error reading UTF string
com.objectdb.o.InternalException: Error reading UTF string
	at com.objectdb.o.BYR.U(BYR.java:1217)
	at com.objectdb.o.BYR.U(BYR.java:523)
	at com.objectdb.o.BYR.L(BYR.java:504)
	at com.objectdb.o.QJD.a(QJD.java:247)
	at com.objectdb.o.QRD.f(QRD.java:384)
	at com.objectdb.o.QRQ.m(QRQ.java:372)
	at com.objectdb.o.STC.h(STC.java:462)
	at com.objectdb.o.SHN.I(SHN.java:491)
	at com.objectdb.o.SHN.w(SHN.java:157)
	at com.objectdb.o.HND.run(HND.java:134)
	at java.base/java.lang.Thread.run(Thread.java:832)

[2021-05-30 12:51:02 #25 store] 
Database 'C:\Users\Pedro\Desktop\Estudio\M06\LIBRERIAS\objectdb-2.8.5\db\targetesgrafiques.odb' is closed by 14256@Pedro-520

[2021-05-30 12:51:02 #26 store] 
Database 'C:\Users\Pedro\Desktop\Estudio\M06\LIBRERIAS\objectdb-2.8.5\db\targetesgrafiques.odb' is opened by 14256@Pedro-520

[2021-05-30 12:51:02 #27 store] 
Configuration path: C:\Users\Pedro\Desktop\Estudio\M06\LIBRERIAS\objectdb-2.8.5\objectdb.conf

[2021-05-30 12:51:02 #28 server] 
[ObjectDB 2.8.5] Unexpected exception (Error 990)
  Generated by Java HotSpot(TM) 64-Bit Server VM 15.0.1 (on Windows 10 10.0).
Please report this error on http://www.objectdb.com/issue/new
com.objectdb.o.InternalException: Error reading UTF string
com.objectdb.o.InternalException: Error reading UTF string
	at com.objectdb.o.BYR.U(BYR.java:1217)
	at com.objectdb.o.BYR.U(BYR.java:523)
	at com.objectdb.o.BYR.L(BYR.java:504)
	at com.objectdb.o.QJD.a(QJD.java:247)
	at com.objectdb.o.QRD.f(QRD.java:384)
	at com.objectdb.o.QRQ.m(QRQ.java:372)
	at com.objectdb.o.STC.h(STC.java:462)
	at com.objectdb.o.SHN.I(SHN.java:491)
	at com.objectdb.o.SHN.w(SHN.java:157)
	at com.objectdb.o.HND.run(HND.java:134)
	at java.base/java.lang.Thread.run(Thread.java:832)

[2021-05-30 12:51:02 #29 store] 
Database 'C:\Users\Pedro\Desktop\Estudio\M06\LIBRERIAS\objectdb-2.8.5\db\targetesgrafiques.odb' is closed by 14256@Pedro-520

[2021-05-30 12:51:02 #30 store] 
Database 'C:\Users\Pedro\Desktop\Estudio\M06\LIBRERIAS\objectdb-2.8.5\db\targetesgrafiques.odb' is opened by 14256@Pedro-520

[2021-05-30 12:51:02 #31 store] 
Configuration path: C:\Users\Pedro\Desktop\Estudio\M06\LIBRERIAS\objectdb-2.8.5\objectdb.conf

[2021-05-30 12:51:02 #32 server] 
[ObjectDB 2.8.5] Unexpected exception (Error 990)
  Generated by Java HotSpot(TM) 64-Bit Server VM 15.0.1 (on Windows 10 10.0).
Please report this error on http://www.objectdb.com/issue/new
com.objectdb.o.InternalException: Error reading UTF string
com.objectdb.o.InternalException: Error reading UTF string
	at com.objectdb.o.BYR.U(BYR.java:1217)
	at com.objectdb.o.BYR.U(BYR.java:523)
	at com.objectdb.o.BYR.L(BYR.java:504)
	at com.objectdb.o.QJD.a(QJD.java:247)
	at com.objectdb.o.QRD.f(QRD.java:384)
	at com.objectdb.o.QRQ.m(QRQ.java:372)
	at com.objectdb.o.STC.h(STC.java:462)
	at com.objectdb.o.SHN.I(SHN.java:491)
	at com.objectdb.o.SHN.w(SHN.java:157)
	at com.objectdb.o.HND.run(HND.java:134)
	at java.base/java.lang.Thread.run(Thread.java:832)

[2021-05-30 12:51:02 #33 store] 
Database 'C:\Users\Pedro\Desktop\Estudio\M06\LIBRERIAS\objectdb-2.8.5\db\targetesgrafiques.odb' is closed by 14256@Pedro-520

[2021-05-30 12:51:02 #34 store] 
Database 'C:\Users\Pedro\Desktop\Estudio\M06\LIBRERIAS\objectdb-2.8.5\db\targetesgrafiques.odb' is opened by 14256@Pedro-520

[2021-05-30 12:51:02 #35 store] 
Configuration path: C:\Users\Pedro\Desktop\Estudio\M06\LIBRERIAS\objectdb-2.8.5\objectdb.conf

[2021-05-30 12:51:02 #36 server] 
[ObjectDB 2.8.5] Unexpected exception (Error 990)
  Generated by Java HotSpot(TM) 64-Bit Server VM 15.0.1 (on Windows 10 10.0).
Please report this error on http://www.objectdb.com/issue/new
com.objectdb.o.InternalException: Error reading UTF string
com.objectdb.o.InternalException: Error reading UTF string
	at com.objectdb.o.BYR.U(BYR.java:1217)
	at com.objectdb.o.BYR.U(BYR.java:523)
	at com.objectdb.o.BYR.L(BYR.java:504)
	at com.objectdb.o.QJD.a(QJD.java:247)
	at com.objectdb.o.QRD.f(QRD.java:384)
	at com.objectdb.o.QRQ.m(QRQ.java:372)
	at com.objectdb.o.STC.h(STC.java:462)
	at com.objectdb.o.SHN.I(SHN.java:491)
	at com.objectdb.o.SHN.w(SHN.java:157)
	at com.objectdb.o.HND.run(HND.java:134)
	at java.base/java.lang.Thread.run(Thread.java:832)

[2021-05-30 12:51:02 #37 store] 
Database 'C:\Users\Pedro\Desktop\Estudio\M06\LIBRERIAS\objectdb-2.8.5\db\targetesgrafiques.odb' is closed by 14256@Pedro-520

[2021-05-30 12:51:02 #38 store] 
Database 'C:\Users\Pedro\Desktop\Estudio\M06\LIBRERIAS\objectdb-2.8.5\db\targetesgrafiques.odb' is opened by 14256@Pedro-520

[2021-05-30 12:51:02 #39 store] 
Configuration path: C:\Users\Pedro\Desktop\Estudio\M06\LIBRERIAS\objectdb-2.8.5\objectdb.conf

[2021-05-30 12:51:02 #40 server] 
[ObjectDB 2.8.5] Unexpected exception (Error 990)
  Generated by Java HotSpot(TM) 64-Bit Server VM 15.0.1 (on Windows 10 10.0).
Please report this error on http://www.objectdb.com/issue/new
com.objectdb.o.InternalException: Error reading UTF string
com.objectdb.o.InternalException: Error reading UTF string
	at com.objectdb.o.BYR.U(BYR.java:1217)
	at com.objectdb.o.BYR.U(BYR.java:523)
	at com.objectdb.o.BYR.L(BYR.java:504)
	at com.objectdb.o.QJD.a(QJD.java:247)
	at com.objectdb.o.QRD.f(QRD.java:384)
	at com.objectdb.o.QRQ.m(QRQ.java:372)
	at com.objectdb.o.STC.h(STC.java:462)
	at com.objectdb.o.SHN.I(SHN.java:491)
	at com.objectdb.o.SHN.w(SHN.java:157)
	at com.objectdb.o.HND.run(HND.java:134)
	at java.base/java.lang.Thread.run(Thread.java:832)

[2021-05-30 12:51:02 #41 store] 
Database 'C:\Users\Pedro\Desktop\Estudio\M06\LIBRERIAS\objectdb-2.8.5\db\targetesgrafiques.odb' is closed by 14256@Pedro-520

[2021-05-30 12:51:27 #42 store] 
Database 'C:\Users\Pedro\Desktop\Estudio\M06\LIBRERIAS\objectdb-2.8.5\db\targetesgrafiques.odb' is opened by 14256@Pedro-520

[2021-05-30 12:51:27 #43 store] 
Configuration path: C:\Users\Pedro\Desktop\Estudio\M06\LIBRERIAS\objectdb-2.8.5\objectdb.conf

[2021-05-30 12:51:27 #44 server] 
[ObjectDB 2.8.5] Unexpected exception (Error 990)
  Generated by Java HotSpot(TM) 64-Bit Server VM 15.0.1 (on Windows 10 10.0).
Please report this error on http://www.objectdb.com/issue/new
com.objectdb.o.InternalException: Error reading UTF string
com.objectdb.o.InternalException: Error reading UTF string
	at com.objectdb.o.BYR.U(BYR.java:1217)
	at com.objectdb.o.BYR.U(BYR.java:523)
	at com.objectdb.o.BYR.L(BYR.java:504)
	at com.objectdb.o.QJD.a(QJD.java:247)
	at com.objectdb.o.QRD.f(QRD.java:384)
	at com.objectdb.o.QRQ.m(QRQ.java:372)
	at com.objectdb.o.STC.h(STC.java:462)
	at com.objectdb.o.SHN.I(SHN.java:491)
	at com.objectdb.o.SHN.w(SHN.java:157)
	at com.objectdb.o.HND.run(HND.java:134)
	at java.base/java.lang.Thread.run(Thread.java:832)

[2021-05-30 12:51:27 #45 store] 
Database 'C:\Users\Pedro\Desktop\Estudio\M06\LIBRERIAS\objectdb-2.8.5\db\targetesgrafiques.odb' is closed by 14256@Pedro-520

[2021-05-30 12:51:27 #46 store] 
Database 'C:\Users\Pedro\Desktop\Estudio\M06\LIBRERIAS\objectdb-2.8.5\db\targetesgrafiques.odb' is opened by 14256@Pedro-520

[2021-05-30 12:51:27 #47 store] 
Configuration path: C:\Users\Pedro\Desktop\Estudio\M06\LIBRERIAS\objectdb-2.8.5\objectdb.conf

[2021-05-30 12:51:27 #48 server] 
[ObjectDB 2.8.5] Unexpected exception (Error 990)
  Generated by Java HotSpot(TM) 64-Bit Server VM 15.0.1 (on Windows 10 10.0).
Please report this error on http://www.objectdb.com/issue/new
com.objectdb.o.InternalException: Error reading UTF string
com.objectdb.o.InternalException: Error reading UTF string
	at com.objectdb.o.BYR.U(BYR.java:1217)
	at com.objectdb.o.BYR.U(BYR.java:523)
	at com.objectdb.o.BYR.L(BYR.java:504)
	at com.objectdb.o.QJD.a(QJD.java:247)
	at com.objectdb.o.QRD.f(QRD.java:384)
	at com.objectdb.o.QRQ.m(QRQ.java:372)
	at com.objectdb.o.STC.h(STC.java:462)
	at com.objectdb.o.SHN.I(SHN.java:491)
	at com.objectdb.o.SHN.w(SHN.java:157)
	at com.objectdb.o.HND.run(HND.java:134)
	at java.base/java.lang.Thread.run(Thread.java:832)

[2021-05-30 12:51:27 #49 store] 
Database 'C:\Users\Pedro\Desktop\Estudio\M06\LIBRERIAS\objectdb-2.8.5\db\targetesgrafiques.odb' is closed by 14256@Pedro-520

[2021-05-30 12:51:27 #50 store] 
Database 'C:\Users\Pedro\Desktop\Estudio\M06\LIBRERIAS\objectdb-2.8.5\db\targetesgrafiques.odb' is opened by 14256@Pedro-520

[2021-05-30 12:51:27 #51 store] 
Configuration path: C:\Users\Pedro\Desktop\Estudio\M06\LIBRERIAS\objectdb-2.8.5\objectdb.conf

[2021-05-30 12:51:27 #52 server] 
[ObjectDB 2.8.5] Unexpected exception (Error 990)
  Generated by Java HotSpot(TM) 64-Bit Server VM 15.0.1 (on Windows 10 10.0).
Please report this error on http://www.objectdb.com/issue/new
com.objectdb.o.InternalException: Error reading UTF string
com.objectdb.o.InternalException: Error reading UTF string
	at com.objectdb.o.BYR.U(BYR.java:1217)
	at com.objectdb.o.BYR.U(BYR.java:523)
	at com.objectdb.o.BYR.L(BYR.java:504)
	at com.objectdb.o.QJD.a(QJD.java:247)
	at com.objectdb.o.QRD.f(QRD.java:384)
	at com.objectdb.o.QRQ.m(QRQ.java:372)
	at com.objectdb.o.STC.h(STC.java:462)
	at com.objectdb.o.SHN.I(SHN.java:491)
	at com.objectdb.o.SHN.w(SHN.java:157)
	at com.objectdb.o.HND.run(HND.java:134)
	at java.base/java.lang.Thread.run(Thread.java:832)

[2021-05-30 12:51:27 #53 store] 
Database 'C:\Users\Pedro\Desktop\Estudio\M06\LIBRERIAS\objectdb-2.8.5\db\targetesgrafiques.odb' is closed by 14256@Pedro-520

[2021-05-30 12:51:27 #54 store] 
Database 'C:\Users\Pedro\Desktop\Estudio\M06\LIBRERIAS\objectdb-2.8.5\db\targetesgrafiques.odb' is opened by 14256@Pedro-520

[2021-05-30 12:51:27 #55 store] 
Configuration path: C:\Users\Pedro\Desktop\Estudio\M06\LIBRERIAS\objectdb-2.8.5\objectdb.conf

[2021-05-30 12:51:27 #56 server] 
[ObjectDB 2.8.5] Unexpected exception (Error 990)
  Generated by Java HotSpot(TM) 64-Bit Server VM 15.0.1 (on Windows 10 10.0).
Please report this error on http://www.objectdb.com/issue/new
com.objectdb.o.InternalException: Error reading UTF string
com.objectdb.o.InternalException: Error reading UTF string
	at com.objectdb.o.BYR.U(BYR.java:1217)
	at com.objectdb.o.BYR.U(BYR.java:523)
	at com.objectdb.o.BYR.L(BYR.java:504)
	at com.objectdb.o.QJD.a(QJD.java:247)
	at com.objectdb.o.QRD.f(QRD.java:384)
	at com.objectdb.o.QRQ.m(QRQ.java:372)
	at com.objectdb.o.STC.h(STC.java:462)
	at com.objectdb.o.SHN.I(SHN.java:491)
	at com.objectdb.o.SHN.w(SHN.java:157)
	at com.objectdb.o.HND.run(HND.java:134)
	at java.base/java.lang.Thread.run(Thread.java:832)

[2021-05-30 12:51:27 #57 store] 
Database 'C:\Users\Pedro\Desktop\Estudio\M06\LIBRERIAS\objectdb-2.8.5\db\targetesgrafiques.odb' is closed by 14256@Pedro-520

[2021-05-30 12:51:27 #58 store] 
Database 'C:\Users\Pedro\Desktop\Estudio\M06\LIBRERIAS\objectdb-2.8.5\db\targetesgrafiques.odb' is opened by 14256@Pedro-520

[2021-05-30 12:51:27 #59 store] 
Configuration path: C:\Users\Pedro\Desktop\Estudio\M06\LIBRERIAS\objectdb-2.8.5\objectdb.conf

[2021-05-30 12:51:27 #60 server] 
[ObjectDB 2.8.5] Unexpected exception (Error 990)
  Generated by Java HotSpot(TM) 64-Bit Server VM 15.0.1 (on Windows 10 10.0).
Please report this error on http://www.objectdb.com/issue/new
com.objectdb.o.InternalException: Error reading UTF string
com.objectdb.o.InternalException: Error reading UTF string
	at com.objectdb.o.BYR.U(BYR.java:1217)
	at com.objectdb.o.BYR.U(BYR.java:523)
	at com.objectdb.o.BYR.L(BYR.java:504)
	at com.objectdb.o.QJD.a(QJD.java:247)
	at com.objectdb.o.QRD.f(QRD.java:384)
	at com.objectdb.o.QRQ.m(QRQ.java:372)
	at com.objectdb.o.STC.h(STC.java:462)
	at com.objectdb.o.SHN.I(SHN.java:491)
	at com.objectdb.o.SHN.w(SHN.java:157)
	at com.objectdb.o.HND.run(HND.java:134)
	at java.base/java.lang.Thread.run(Thread.java:832)

[2021-05-30 12:51:27 #61 store] 
Database 'C:\Users\Pedro\Desktop\Estudio\M06\LIBRERIAS\objectdb-2.8.5\db\targetesgrafiques.odb' is closed by 14256@Pedro-520

[2021-05-30 12:52:01 #62 server] 
Server on port 6136 has stopped by 14256@Pedro-520

------------------------------------------------------------------------------------------------------------------------

[2021-05-30 12:52:10 #1 server] 
Server on port 6136 has started by 9156@Pedro-520

------------------------------------------------------------------------------------------------------------------------

[2021-05-30 12:52:43 #1 store] 
Database 'C:\Users\Pedro\Desktop\JAVA_FP\M06_EAC2_E2_REPASO\targetesgrafiques.odb' is opened by 22568@Pedro-520

[2021-05-30 12:52:43 #2 store] 
Configuration path: C:\Users\Pedro\Desktop\Estudio\M06\LIBRERIAS\objectdb-2.8.5\objectdb.conf

[2021-05-30 12:52:43 #3 type] 
Type eac2.ex2.model.TargetaGrafica is not enhanced.

[2021-05-30 12:52:43 #4 store] 
Database 'C:\Users\Pedro\Desktop\JAVA_FP\M06_EAC2_E2_REPASO\targetesgrafiques.odb' is closed by 22568@Pedro-520

[2021-05-30 12:52:43 #5 store] 
Database 'C:\Users\Pedro\Desktop\JAVA_FP\M06_EAC2_E2_REPASO\targetesgrafiques.odb' is opened by 22568@Pedro-520

[2021-05-30 12:52:43 #6 store] 
Configuration path: C:\Users\Pedro\Desktop\Estudio\M06\LIBRERIAS\objectdb-2.8.5\objectdb.conf

[2021-05-30 12:52:43 #7 store] 
Database 'C:\Users\Pedro\Desktop\JAVA_FP\M06_EAC2_E2_REPASO\targetesgrafiques.odb' is closed by 22568@Pedro-520

[2021-05-30 12:52:43 #8 store] 
Database 'C:\Users\Pedro\Desktop\JAVA_FP\M06_EAC2_E2_REPASO\targetesgrafiques.odb' is opened by 22568@Pedro-520

[2021-05-30 12:52:43 #9 store] 
Configuration path: C:\Users\Pedro\Desktop\Estudio\M06\LIBRERIAS\objectdb-2.8.5\objectdb.conf

[2021-05-30 12:52:44 #10 store] 
Database 'C:\Users\Pedro\Desktop\JAVA_FP\M06_EAC2_E2_REPASO\targetesgrafiques.odb' is closed by 22568@Pedro-520

[2021-05-30 12:52:44 #11 store] 
Database 'C:\Users\Pedro\Desktop\JAVA_FP\M06_EAC2_E2_REPASO\targetesgrafiques.odb' is opened by 22568@Pedro-520

[2021-05-30 12:52:44 #12 store] 
Configuration path: C:\Users\Pedro\Desktop\Estudio\M06\LIBRERIAS\objectdb-2.8.5\objectdb.conf

[2021-05-30 12:52:44 #13 store] 
Database 'C:\Users\Pedro\Desktop\JAVA_FP\M06_EAC2_E2_REPASO\targetesgrafiques.odb' is closed by 22568@Pedro-520

[2021-05-30 12:52:44 #14 store] 
Database 'C:\Users\Pedro\Desktop\JAVA_FP\M06_EAC2_E2_REPASO\targetesgrafiques.odb' is opened by 22568@Pedro-520

[2021-05-30 12:52:44 #15 store] 
Configuration path: C:\Users\Pedro\Desktop\Estudio\M06\LIBRERIAS\objectdb-2.8.5\objectdb.conf

[2021-05-30 12:52:44 #16 store] 
Database 'C:\Users\Pedro\Desktop\JAVA_FP\M06_EAC2_E2_REPASO\targetesgrafiques.odb' is closed by 22568@Pedro-520

[2021-05-30 12:52:44 #17 store] 
Database 'C:\Users\Pedro\Desktop\JAVA_FP\M06_EAC2_E2_REPASO\targetesgrafiques.odb' is opened by 22568@Pedro-520

[2021-05-30 12:52:44 #18 store] 
Configuration path: C:\Users\Pedro\Desktop\Estudio\M06\LIBRERIAS\objectdb-2.8.5\objectdb.conf

[2021-05-30 12:52:44 #19 store] 
Database 'C:\Users\Pedro\Desktop\JAVA_FP\M06_EAC2_E2_REPASO\targetesgrafiques.odb' is closed by 22568@Pedro-520

[2021-05-30 12:52:44 #20 store] 
Database 'C:\Users\Pedro\Desktop\JAVA_FP\M06_EAC2_E2_REPASO\targetesgrafiques.odb' is opened by 22568@Pedro-520

[2021-05-30 12:52:44 #21 store] 
Configuration path: C:\Users\Pedro\Desktop\Estudio\M06\LIBRERIAS\objectdb-2.8.5\objectdb.conf

[2021-05-30 12:52:44 #22 store] 
Database 'C:\Users\Pedro\Desktop\JAVA_FP\M06_EAC2_E2_REPASO\targetesgrafiques.odb' is closed by 22568@Pedro-520

[2021-05-30 12:52:44 #23 store] 
Database 'C:\Users\Pedro\Desktop\JAVA_FP\M06_EAC2_E2_REPASO\targetesgrafiques.odb' is opened by 22568@Pedro-520

[2021-05-30 12:52:44 #24 store] 
Configuration path: C:\Users\Pedro\Desktop\Estudio\M06\LIBRERIAS\objectdb-2.8.5\objectdb.conf

[2021-05-30 12:52:44 #25 store] 
Database 'C:\Users\Pedro\Desktop\JAVA_FP\M06_EAC2_E2_REPASO\targetesgrafiques.odb' is closed by 22568@Pedro-520

[2021-05-30 12:52:44 #26 store] 
Database 'C:\Users\Pedro\Desktop\JAVA_FP\M06_EAC2_E2_REPASO\targetesgrafiques.odb' is opened by 22568@Pedro-520

[2021-05-30 12:52:44 #27 store] 
Configuration path: C:\Users\Pedro\Desktop\Estudio\M06\LIBRERIAS\objectdb-2.8.5\objectdb.conf

[2021-05-30 12:52:44 #28 store] 
Database 'C:\Users\Pedro\Desktop\JAVA_FP\M06_EAC2_E2_REPASO\targetesgrafiques.odb' is closed by 22568@Pedro-520

------------------------------------------------------------------------------------------------------------------------

[2021-05-30 12:53:18 #1 store] 
Database 'C:\Users\Pedro\Desktop\JAVA_FP\M06_EAC2_E2_REPASO\targetesgrafiques.odb' is opened by 23208@Pedro-520

[2021-05-30 12:53:18 #2 store] 
Configuration path: C:\Users\Pedro\Desktop\Estudio\M06\LIBRERIAS\objectdb-2.8.5\objectdb.conf

[2021-05-30 12:53:18 #3 type] 
Type eac2.ex2.model.TargetaGrafica is not enhanced.

[2021-05-30 12:53:18 #4 store] 
Database 'C:\Users\Pedro\Desktop\JAVA_FP\M06_EAC2_E2_REPASO\targetesgrafiques.odb' is closed by 23208@Pedro-520

[2021-05-30 12:53:18 #5 store] 
Database 'C:\Users\Pedro\Desktop\JAVA_FP\M06_EAC2_E2_REPASO\targetesgrafiques.odb' is opened by 23208@Pedro-520

[2021-05-30 12:53:18 #6 store] 
Configuration path: C:\Users\Pedro\Desktop\Estudio\M06\LIBRERIAS\objectdb-2.8.5\objectdb.conf

[2021-05-30 12:53:18 #7 store] 
Database 'C:\Users\Pedro\Desktop\JAVA_FP\M06_EAC2_E2_REPASO\targetesgrafiques.odb' is closed by 23208@Pedro-520

[2021-05-30 12:53:18 #8 store] 
Database 'C:\Users\Pedro\Desktop\JAVA_FP\M06_EAC2_E2_REPASO\targetesgrafiques.odb' is opened by 23208@Pedro-520

[2021-05-30 12:53:18 #9 store] 
Configuration path: C:\Users\Pedro\Desktop\Estudio\M06\LIBRERIAS\objectdb-2.8.5\objectdb.conf

[2021-05-30 12:53:18 #10 store] 
Database 'C:\Users\Pedro\Desktop\JAVA_FP\M06_EAC2_E2_REPASO\targetesgrafiques.odb' is closed by 23208@Pedro-520

[2021-05-30 12:53:18 #11 store] 
Database 'C:\Users\Pedro\Desktop\JAVA_FP\M06_EAC2_E2_REPASO\targetesgrafiques.odb' is opened by 23208@Pedro-520

[2021-05-30 12:53:18 #12 store] 
Configuration path: C:\Users\Pedro\Desktop\Estudio\M06\LIBRERIAS\objectdb-2.8.5\objectdb.conf

[2021-05-30 12:53:18 #13 store] 
Database 'C:\Users\Pedro\Desktop\JAVA_FP\M06_EAC2_E2_REPASO\targetesgrafiques.odb' is closed by 23208@Pedro-520

[2021-05-30 12:53:18 #14 store] 
Database 'C:\Users\Pedro\Desktop\JAVA_FP\M06_EAC2_E2_REPASO\targetesgrafiques.odb' is opened by 23208@Pedro-520

[2021-05-30 12:53:18 #15 store] 
Configuration path: C:\Users\Pedro\Desktop\Estudio\M06\LIBRERIAS\objectdb-2.8.5\objectdb.conf

[2021-05-30 12:53:18 #16 store] 
Database 'C:\Users\Pedro\Desktop\JAVA_FP\M06_EAC2_E2_REPASO\targetesgrafiques.odb' is closed by 23208@Pedro-520

[2021-05-30 12:53:18 #17 store] 
Database 'C:\Users\Pedro\Desktop\JAVA_FP\M06_EAC2_E2_REPASO\targetesgrafiques.odb' is opened by 23208@Pedro-520

[2021-05-30 12:53:18 #18 store] 
Configuration path: C:\Users\Pedro\Desktop\Estudio\M06\LIBRERIAS\objectdb-2.8.5\objectdb.conf

[2021-05-30 12:53:18 #19 store] 
Database 'C:\Users\Pedro\Desktop\JAVA_FP\M06_EAC2_E2_REPASO\targetesgrafiques.odb' is closed by 23208@Pedro-520

[2021-05-30 12:53:18 #20 store] 
Database 'C:\Users\Pedro\Desktop\JAVA_FP\M06_EAC2_E2_REPASO\targetesgrafiques.odb' is opened by 23208@Pedro-520

[2021-05-30 12:53:18 #21 store] 
Configuration path: C:\Users\Pedro\Desktop\Estudio\M06\LIBRERIAS\objectdb-2.8.5\objectdb.conf

[2021-05-30 12:53:18 #22 store] 
Database 'C:\Users\Pedro\Desktop\JAVA_FP\M06_EAC2_E2_REPASO\targetesgrafiques.odb' is closed by 23208@Pedro-520

[2021-05-30 12:53:18 #23 store] 
Database 'C:\Users\Pedro\Desktop\JAVA_FP\M06_EAC2_E2_REPASO\targetesgrafiques.odb' is opened by 23208@Pedro-520

[2021-05-30 12:53:18 #24 store] 
Configuration path: C:\Users\Pedro\Desktop\Estudio\M06\LIBRERIAS\objectdb-2.8.5\objectdb.conf

[2021-05-30 12:53:18 #25 store] 
Database 'C:\Users\Pedro\Desktop\JAVA_FP\M06_EAC2_E2_REPASO\targetesgrafiques.odb' is closed by 23208@Pedro-520

[2021-05-30 12:53:18 #26 store] 
Database 'C:\Users\Pedro\Desktop\JAVA_FP\M06_EAC2_E2_REPASO\targetesgrafiques.odb' is opened by 23208@Pedro-520

[2021-05-30 12:53:18 #27 store] 
Configuration path: C:\Users\Pedro\Desktop\Estudio\M06\LIBRERIAS\objectdb-2.8.5\objectdb.conf

[2021-05-30 12:53:18 #28 store] 
Database 'C:\Users\Pedro\Desktop\JAVA_FP\M06_EAC2_E2_REPASO\targetesgrafiques.odb' is closed by 23208@Pedro-520

[2021-05-30 13:03:20 #2 server] 
Server on port 6136 has stopped by 9156@Pedro-520

