------------------------------------------------------------------------------------------------------------------------

[2021-05-26 13:38:54 #1 server] 
Server on port 6136 has started by 12428@Pedro-520

------------------------------------------------------------------------------------------------------------------------

[2021-05-26 13:48:58 #1 store] 
Database 'C:\Users\Pedro\Desktop\JAVA_FP\M06_EAC2_E2_REPASO\targetesgrafiques.odb' is opened by 25996@Pedro-520

[2021-05-26 13:48:58 #2 store] 
Configuration path: C:\Users\Pedro\Desktop\Estudio\M06\LIBRERIAS\objectdb-2.8.5\objectdb.conf

[2021-05-26 13:48:58 #3 type] 
Type eac2.ex2.model.TargetaGrafica is not enhanced.

------------------------------------------------------------------------------------------------------------------------

[2021-05-26 13:50:10 #1 store] 
Database 'C:\Users\Pedro\Desktop\JAVA_FP\M06_EAC2_E2_REPASO\targetesgrafiques.odb' has been recovered (tr. 1-4)

[2021-05-26 13:50:10 #2 store] 
Database 'C:\Users\Pedro\Desktop\JAVA_FP\M06_EAC2_E2_REPASO\targetesgrafiques.odb' is opened by 22312@Pedro-520

[2021-05-26 13:50:10 #3 store] 
Configuration path: C:\Users\Pedro\Desktop\Estudio\M06\LIBRERIAS\objectdb-2.8.5\objectdb.conf

[2021-05-26 13:50:10 #4 type] 
Type eac2.ex2.model.TargetaGrafica is not enhanced.

------------------------------------------------------------------------------------------------------------------------

[2021-05-26 13:56:33 #1 store] 
Database 'C:\Users\Pedro\Desktop\JAVA_FP\M06_EAC2_E2_REPASO\targetesgrafiques.odb' is opened by 22272@Pedro-520

[2021-05-26 13:56:33 #2 store] 
Configuration path: C:\Users\Pedro\Desktop\Estudio\M06\LIBRERIAS\objectdb-2.8.5\objectdb.conf

[2021-05-26 13:56:33 #3 type] 
Type eac2.ex2.model.TargetaGrafica is not enhanced.

[2021-05-26 13:56:34 #4 store] 
Database 'C:\Users\Pedro\Desktop\JAVA_FP\M06_EAC2_E2_REPASO\targetesgrafiques.odb' is closed by 22272@Pedro-520

[2021-05-26 13:56:34 #5 store] 
Database 'C:\Users\Pedro\Desktop\JAVA_FP\M06_EAC2_E2_REPASO\targetesgrafiques.odb' is opened by 22272@Pedro-520

[2021-05-26 13:56:34 #6 store] 
Configuration path: C:\Users\Pedro\Desktop\Estudio\M06\LIBRERIAS\objectdb-2.8.5\objectdb.conf

[2021-05-26 13:56:34 #7 store] 
Database 'C:\Users\Pedro\Desktop\JAVA_FP\M06_EAC2_E2_REPASO\targetesgrafiques.odb' is closed by 22272@Pedro-520

[2021-05-26 13:56:34 #8 store] 
Database 'C:\Users\Pedro\Desktop\JAVA_FP\M06_EAC2_E2_REPASO\targetesgrafiques.odb' is opened by 22272@Pedro-520

[2021-05-26 13:56:34 #9 store] 
Configuration path: C:\Users\Pedro\Desktop\Estudio\M06\LIBRERIAS\objectdb-2.8.5\objectdb.conf

[2021-05-26 13:56:34 #10 store] 
Database 'C:\Users\Pedro\Desktop\JAVA_FP\M06_EAC2_E2_REPASO\targetesgrafiques.odb' is closed by 22272@Pedro-520

[2021-05-26 13:56:34 #11 store] 
Database 'C:\Users\Pedro\Desktop\JAVA_FP\M06_EAC2_E2_REPASO\targetesgrafiques.odb' is opened by 22272@Pedro-520

[2021-05-26 13:56:34 #12 store] 
Configuration path: C:\Users\Pedro\Desktop\Estudio\M06\LIBRERIAS\objectdb-2.8.5\objectdb.conf

[2021-05-26 13:56:34 #13 store] 
Database 'C:\Users\Pedro\Desktop\JAVA_FP\M06_EAC2_E2_REPASO\targetesgrafiques.odb' is closed by 22272@Pedro-520

[2021-05-26 13:56:34 #14 store] 
Database 'C:\Users\Pedro\Desktop\JAVA_FP\M06_EAC2_E2_REPASO\targetesgrafiques.odb' is opened by 22272@Pedro-520

[2021-05-26 13:56:34 #15 store] 
Configuration path: C:\Users\Pedro\Desktop\Estudio\M06\LIBRERIAS\objectdb-2.8.5\objectdb.conf

[2021-05-26 13:56:34 #16 store] 
Database 'C:\Users\Pedro\Desktop\JAVA_FP\M06_EAC2_E2_REPASO\targetesgrafiques.odb' is closed by 22272@Pedro-520

[2021-05-26 13:56:34 #17 store] 
Database 'C:\Users\Pedro\Desktop\JAVA_FP\M06_EAC2_E2_REPASO\targetesgrafiques.odb' is opened by 22272@Pedro-520

[2021-05-26 13:56:34 #18 store] 
Configuration path: C:\Users\Pedro\Desktop\Estudio\M06\LIBRERIAS\objectdb-2.8.5\objectdb.conf

[2021-05-26 13:56:34 #19 store] 
Database 'C:\Users\Pedro\Desktop\JAVA_FP\M06_EAC2_E2_REPASO\targetesgrafiques.odb' is closed by 22272@Pedro-520

[2021-05-26 13:56:34 #20 store] 
Database 'C:\Users\Pedro\Desktop\JAVA_FP\M06_EAC2_E2_REPASO\targetesgrafiques.odb' is opened by 22272@Pedro-520

[2021-05-26 13:56:34 #21 store] 
Configuration path: C:\Users\Pedro\Desktop\Estudio\M06\LIBRERIAS\objectdb-2.8.5\objectdb.conf

[2021-05-26 13:56:34 #22 store] 
Database 'C:\Users\Pedro\Desktop\JAVA_FP\M06_EAC2_E2_REPASO\targetesgrafiques.odb' is closed by 22272@Pedro-520

[2021-05-26 13:56:34 #23 store] 
Database 'C:\Users\Pedro\Desktop\JAVA_FP\M06_EAC2_E2_REPASO\targetesgrafiques.odb' is opened by 22272@Pedro-520

[2021-05-26 13:56:34 #24 store] 
Configuration path: C:\Users\Pedro\Desktop\Estudio\M06\LIBRERIAS\objectdb-2.8.5\objectdb.conf

[2021-05-26 13:56:34 #25 store] 
Database 'C:\Users\Pedro\Desktop\JAVA_FP\M06_EAC2_E2_REPASO\targetesgrafiques.odb' is closed by 22272@Pedro-520

[2021-05-26 13:56:34 #26 store] 
Database 'C:\Users\Pedro\Desktop\JAVA_FP\M06_EAC2_E2_REPASO\targetesgrafiques.odb' is opened by 22272@Pedro-520

[2021-05-26 13:56:34 #27 store] 
Configuration path: C:\Users\Pedro\Desktop\Estudio\M06\LIBRERIAS\objectdb-2.8.5\objectdb.conf

[2021-05-26 13:56:34 #28 store] 
Database 'C:\Users\Pedro\Desktop\JAVA_FP\M06_EAC2_E2_REPASO\targetesgrafiques.odb' is closed by 22272@Pedro-520

------------------------------------------------------------------------------------------------------------------------

[2021-05-26 13:59:18 #1 store] 
Database 'C:\Users\Pedro\Desktop\JAVA_FP\M06_EAC2_E2_REPASO\targetesgrafiques.odb' is opened by 17196@Pedro-520

[2021-05-26 13:59:18 #2 store] 
Configuration path: C:\Users\Pedro\Desktop\Estudio\M06\LIBRERIAS\objectdb-2.8.5\objectdb.conf

[2021-05-26 14:01:03 #3 store] 
Database 'C:\Users\Pedro\Desktop\JAVA_FP\M06_EAC2_E2_REPASO\targetesgrafiques.odb' is closed by 17196@Pedro-520

[2021-05-26 14:53:34 #2 server] 
Server on port 6136 has stopped by 12428@Pedro-520

